Using pre-set license
Built from '2020.2/release' branch; Version is '2020.2.4f1 (becced5a802b) revision 12504301'; Using compiler version '192528614'; Build Type 'Release'
OS: 'Windows 10 Pro; OS build 19042.928; Version 2009; 64bit' Language: 'en' Physical Memory: 7879 MB
BatchMode: 1, IsHumanControllingUs: 0, StartBugReporterOnCrash: 0, Is64bit: 1, IsPro: 0

 COMMAND LINE ARGUMENTS:
C:\Program Files\Unity\Hub\Editor\2020.2.4f1\Editor\Unity.exe
-adb2
-batchMode
-noUpm
-name
AssetImportWorker0
-projectPath
C:/Users/ilias/Desktop/Rollaball
-logFile
Logs/AssetImportWorker0.log
-srvPort
53389
Successfully changed project path to: C:/Users/ilias/Desktop/Rollaball
C:/Users/ilias/Desktop/Rollaball
Using Asset Import Pipeline V2.
Refreshing native plugins compatible for Editor in 131.27 ms, found 0 plugins.
Preloading 0 native plugins for Editor in 0.00 ms.
Initialize engine version: 2020.2.4f1 (becced5a802b)
[Subsystems] Discovering subsystems at path C:/Program Files/Unity/Hub/Editor/2020.2.4f1/Editor/Data/Resources/UnitySubsystems
[Subsystems] Discovering subsystems at path C:/Users/ilias/Desktop/Rollaball/Assets
GfxDevice: creating device client; threaded=0
Direct3D:
    Version:  Direct3D 11.0 [level 11.1]
    Renderer: Intel(R) HD Graphics Family (ID=0xa16)
    Vendor:   
    VRAM:     2048 MB
    Driver:   20.19.15.4531
Initialize mono
Mono path[0] = 'C:/Program Files/Unity/Hub/Editor/2020.2.4f1/Editor/Data/Managed'
Mono path[1] = 'C:/Program Files/Unity/Hub/Editor/2020.2.4f1/Editor/Data/MonoBleedingEdge/lib/mono/unityjit'
Mono config path = 'C:/Program Files/Unity/Hub/Editor/2020.2.4f1/Editor/Data/MonoBleedingEdge/etc'
Using monoOptions --debugger-agent=transport=dt_socket,embedding=1,server=y,suspend=n,address=127.0.0.1:56852
Begin MonoManager ReloadAssembly
Registering precompiled unity dll's ...
Register platform support module: C:/Program Files/Unity/Hub/Editor/2020.2.4f1/Editor/Data/PlaybackEngines/WindowsStandaloneSupport/UnityEditor.WindowsStandalone.Extensions.dll
Registered in 0.002883 seconds.
Native extension for WindowsStandalone target not found
Refreshing native plugins compatible for Editor in 592.85 ms, found 0 plugins.
Preloading 0 native plugins for Editor in 0.00 ms.
Invoked RoslynAnalysisRunner static constructor.
RoslynAnalysisRunner will not be running.
RoslynAnalysisRunner has terminated.
Mono: successfully reloaded assembly
- Completed reload, in 14.017 seconds
Platform modules already initialized, skipping
Registering precompiled user dll's ...
Registered in 0.003142 seconds.
Begin MonoManager ReloadAssembly
Native extension for WindowsStandalone target not found
Refreshing native plugins compatible for Editor in 79.64 ms, found 0 plugins.
Preloading 0 native plugins for Editor in 0.00 ms.
Invoked RoslynAnalysisRunner static constructor.
RoslynAnalysisRunner will not be running.
RoslynAnalysisRunner has terminated.
Mono: successfully reloaded assembly
- Completed reload, in  1.439 seconds
Platform modules already initialized, skipping
========================================================================
Worker process is ready to serve import requests
Shader 'Universal Render Pipeline/Particles/Lit': fallback shader 'Universal Render Pipeline/Particles/SimpleLit' not found
Shader 'Universal Render Pipeline/Particles/Lit': fallback shader 'Universal Render Pipeline/Particles/SimpleLit' not found
Launched and connected shader compiler UnityShaderCompiler.exe after 0.07 seconds
Refreshing native plugins compatible for Editor in 1.23 ms, found 0 plugins.
Preloading 0 native plugins for Editor in 0.00 ms.
Unloading 2704 Unused Serialized files (Serialized files now loaded: 0)
System memory in use before: 122.0 MB.
System memory in use after: 119.8 MB.

Unloading 47 unused Assets to reduce memory usage. Loaded Objects now: 3113.
Total: 11.913900 ms (FindLiveObjects: 0.581800 ms CreateObjectMapping: 0.227200 ms MarkObjects: 7.443200 ms  DeleteObjects: 3.658700 ms)

========================================================================
Received Import Request.
  path: Assets/Materials/Player.mat
  artifactKey: Guid(83dcfc2db95938e4586702d861e09a0c) Importer(815301076,1909f56bfc062723c751e8b465ee728b)
Start importing Assets/Materials/Player.mat using Guid(83dcfc2db95938e4586702d861e09a0c) Importer(815301076,1909f56bfc062723c751e8b465ee728b)  -> (artifact id: '62d826a97da12a561c2dfe49913e2cfa') in 1.151394 seconds
  Import took 1.164760 seconds .

========================================================================
Received Prepare
Registering precompiled user dll's ...
Registered in 0.010506 seconds.
Begin MonoManager ReloadAssembly
Native extension for WindowsStandalone target not found
Refreshing native plugins compatible for Editor in 0.80 ms, found 0 plugins.
Preloading 0 native plugins for Editor in 0.00 ms.
Invoked RoslynAnalysisRunner static constructor.
RoslynAnalysisRunner will not be running.
RoslynAnalysisRunner has terminated.
Mono: successfully reloaded assembly
- Completed reload, in  2.051 seconds
Platform modules already initialized, skipping
Shader 'Universal Render Pipeline/Particles/Lit': fallback shader 'Universal Render Pipeline/Particles/SimpleLit' not found
Shader 'Universal Render Pipeline/Particles/Lit': fallback shader 'Universal Render Pipeline/Particles/SimpleLit' not found
Refreshing native plugins compatible for Editor in 2.50 ms, found 0 plugins.
Preloading 0 native plugins for Editor in 0.00 ms.
Unloading 2629 Unused Serialized files (Serialized files now loaded: 0)
System memory in use before: 124.5 MB.
System memory in use after: 122.3 MB.

Unloading 40 unused Assets to reduce memory usage. Loaded Objects now: 3193.
Total: 22.941100 ms (FindLiveObjects: 2.193900 ms CreateObjectMapping: 0.584000 ms MarkObjects: 15.379600 ms  DeleteObjects: 4.779200 ms)

========================================================================
Received Prepare
Shader 'Universal Render Pipeline/Particles/Lit': fallback shader 'Universal Render Pipeline/Particles/SimpleLit' not found
Shader 'Universal Render Pipeline/Particles/Lit': fallback shader 'Universal Render Pipeline/Particles/SimpleLit' not found
Refreshing native plugins compatible for Editor in 2.92 ms, found 0 plugins.
Preloading 0 native plugins for Editor in 0.00 ms.
Unloading 38 Unused Serialized files (Serialized files now loaded: 0)
System memory in use before: 73.4 MB.
System memory in use after: 71.2 MB.

Unloading 38 unused Assets to reduce memory usage. Loaded Objects now: 3193.
Total: 28.947700 ms (FindLiveObjects: 0.696900 ms CreateObjectMapping: 0.279400 ms MarkObjects: 6.732600 ms  DeleteObjects: 21.235800 ms)

========================================================================
Received Import Request.
  Time since last request: 190.720003 seconds.
  path: Assets/Input
  artifactKey: Guid(56da1e6cca3750d4281ea63d79cfa42d) Importer(815301076,1909f56bfc062723c751e8b465ee728b)
Start importing Assets/Input using Guid(56da1e6cca3750d4281ea63d79cfa42d) Importer(815301076,1909f56bfc062723c751e8b465ee728b)  -> (artifact id: 'bae762d7bd5b41b2d2aa7f05bdbc9791') in 0.066418 seconds
  Import took 0.075129 seconds .

========================================================================
Received Import Request.
  Time since last request: 0.044430 seconds.
  path: Assets/Input/InputActions.inputactions
  artifactKey: Guid(6a511dda9a7160b4198fc6911e60963b) Importer(815301076,1909f56bfc062723c751e8b465ee728b)
Start importing Assets/Input/InputActions.inputactions using Guid(6a511dda9a7160b4198fc6911e60963b) Importer(815301076,1909f56bfc062723c751e8b465ee728b)  -> (artifact id: '091c1074b557a4132ccb1461794810ef') in 0.111209 seconds
  Import took 0.120374 seconds .

========================================================================
Received Import Request.
  Time since last request: 40.760903 seconds.
  path: Assets/Scripts
  artifactKey: Guid(d3184ca66dab32e41bda10d69ac448e8) Importer(815301076,1909f56bfc062723c751e8b465ee728b)
Start importing Assets/Scripts using Guid(d3184ca66dab32e41bda10d69ac448e8) Importer(815301076,1909f56bfc062723c751e8b465ee728b)  -> (artifact id: 'ab40fbc075b74e647d030ab0f3ef9064') in 0.050576 seconds
  Import took 0.068186 seconds .

========================================================================
Received Prepare
Registering precompiled user dll's ...
Registered in 0.001832 seconds.
Begin MonoManager ReloadAssembly
Native extension for WindowsStandalone target not found
Refreshing native plugins compatible for Editor in 0.68 ms, found 0 plugins.
Preloading 0 native plugins for Editor in 0.00 ms.
Invoked RoslynAnalysisRunner static constructor.
RoslynAnalysisRunner will not be running.
RoslynAnalysisRunner has terminated.
Mono: successfully reloaded assembly
- Completed reload, in  1.783 seconds
Platform modules already initialized, skipping
Shader 'Universal Render Pipeline/Particles/Lit': fallback shader 'Universal Render Pipeline/Particles/SimpleLit' not found
Shader 'Universal Render Pipeline/Particles/Lit': fallback shader 'Universal Render Pipeline/Particles/SimpleLit' not found
Refreshing native plugins compatible for Editor in 1.09 ms, found 0 plugins.
Preloading 0 native plugins for Editor in 0.00 ms.
Unloading 2630 Unused Serialized files (Serialized files now loaded: 0)
System memory in use before: 124.5 MB.
System memory in use after: 122.4 MB.

Unloading 40 unused Assets to reduce memory usage. Loaded Objects now: 3196.
Total: 9.151300 ms (FindLiveObjects: 0.548500 ms CreateObjectMapping: 0.199400 ms MarkObjects: 5.164200 ms  DeleteObjects: 3.236400 ms)

========================================================================
Received Import Request.
  Time since last request: 48.743536 seconds.
  path: Assets/Scripts/NewBehaviourScript.cs
  artifactKey: Guid(adfe2b8b6bb1dc149a4ea1c760106815) Importer(815301076,1909f56bfc062723c751e8b465ee728b)
Start importing Assets/Scripts/NewBehaviourScript.cs using Guid(adfe2b8b6bb1dc149a4ea1c760106815) Importer(815301076,1909f56bfc062723c751e8b465ee728b)  -> (artifact id: '2d3a5aba705b755b23b4c5365bfe3fa7') in 0.192039 seconds
  Import took 0.215906 seconds .

========================================================================
Received Prepare
Registering precompiled user dll's ...
Registered in 0.002204 seconds.
Begin MonoManager ReloadAssembly
Native extension for WindowsStandalone target not found
Refreshing native plugins compatible for Editor in 0.58 ms, found 0 plugins.
Preloading 0 native plugins for Editor in 0.00 ms.
Invoked RoslynAnalysisRunner static constructor.
RoslynAnalysisRunner will not be running.
RoslynAnalysisRunner has terminated.
Mono: successfully reloaded assembly
- Completed reload, in  1.609 seconds
Platform modules already initialized, skipping
Shader 'Universal Render Pipeline/Particles/Lit': fallback shader 'Universal Render Pipeline/Particles/SimpleLit' not found
Shader 'Universal Render Pipeline/Particles/Lit': fallback shader 'Universal Render Pipeline/Particles/SimpleLit' not found
Refreshing native plugins compatible for Editor in 1.05 ms, found 0 plugins.
Preloading 0 native plugins for Editor in 0.00 ms.
Unloading 2629 Unused Serialized files (Serialized files now loaded: 0)
System memory in use before: 124.6 MB.
System memory in use after: 122.4 MB.

Unloading 41 unused Assets to reduce memory usage. Loaded Objects now: 3197.
Total: 59.614300 ms (FindLiveObjects: 10.078000 ms CreateObjectMapping: 2.568400 ms MarkObjects: 34.596900 ms  DeleteObjects: 12.367900 ms)

========================================================================
Received Prepare
Registering precompiled user dll's ...
Registered in 0.008100 seconds.
Begin MonoManager ReloadAssembly
Native extension for WindowsStandalone target not found
Refreshing native plugins compatible for Editor in 0.63 ms, found 0 plugins.
Preloading 0 native plugins for Editor in 0.00 ms.
Invoked RoslynAnalysisRunner static constructor.
RoslynAnalysisRunner will not be running.
RoslynAnalysisRunner has terminated.
Mono: successfully reloaded assembly
- Completed reload, in  2.474 seconds
Platform modules already initialized, skipping
Shader 'Universal Render Pipeline/Particles/Lit': fallback shader 'Universal Render Pipeline/Particles/SimpleLit' not found
Shader 'Universal Render Pipeline/Particles/Lit': fallback shader 'Universal Render Pipeline/Particles/SimpleLit' not found
Refreshing native plugins compatible for Editor in 1.04 ms, found 0 plugins.
Preloading 0 native plugins for Editor in 0.00 ms.
Unloading 2630 Unused Serialized files (Serialized files now loaded: 0)
System memory in use before: 124.6 MB.
System memory in use after: 122.4 MB.

Unloading 40 unused Assets to reduce memory usage. Loaded Objects now: 3200.
Total: 14.809100 ms (FindLiveObjects: 0.591400 ms CreateObjectMapping: 0.230700 ms MarkObjects: 11.071900 ms  DeleteObjects: 2.910900 ms)

========================================================================
Received Prepare
Registering precompiled user dll's ...
Registered in 0.010336 seconds.
Begin MonoManager ReloadAssembly
Native extension for WindowsStandalone target not found
Refreshing native plugins compatible for Editor in 0.65 ms, found 0 plugins.
Preloading 0 native plugins for Editor in 0.00 ms.
Invoked RoslynAnalysisRunner static constructor.
RoslynAnalysisRunner will not be running.
RoslynAnalysisRunner has terminated.
Mono: successfully reloaded assembly
- Completed reload, in  2.351 seconds
Platform modules already initialized, skipping
Shader 'Universal Render Pipeline/Particles/Lit': fallback shader 'Universal Render Pipeline/Particles/SimpleLit' not found
Shader 'Universal Render Pipeline/Particles/Lit': fallback shader 'Universal Render Pipeline/Particles/SimpleLit' not found
Refreshing native plugins compatible for Editor in 1.13 ms, found 0 plugins.
Preloading 0 native plugins for Editor in 0.00 ms.
Unloading 2630 Unused Serialized files (Serialized files now loaded: 0)
System memory in use before: 124.6 MB.
System memory in use after: 122.4 MB.

Unloading 40 unused Assets to reduce memory usage. Loaded Objects now: 3202.
Total: 15.642100 ms (FindLiveObjects: 0.790700 ms CreateObjectMapping: 0.335100 ms MarkObjects: 10.735600 ms  DeleteObjects: 3.778800 ms)

========================================================================
Received Import Request.
  Time since last request: 91.167200 seconds.
  path: Assets/Scenes
  artifactKey: Guid(2e0cf2116cec614419593489b9982425) Importer(815301076,1909f56bfc062723c751e8b465ee728b)
Start importing Assets/Scenes using Guid(2e0cf2116cec614419593489b9982425) Importer(815301076,1909f56bfc062723c751e8b465ee728b)  -> (artifact id: '2905c056df2ad6f292fdc08d6c9d6d82') in 0.015891 seconds
  Import took 0.024105 seconds .

========================================================================
Received Import Request.
  Time since last request: 0.001653 seconds.
  path: Assets/Scenes
  artifactKey: Guid(2e0cf2116cec614419593489b9982425) Importer(815301076,1909f56bfc062723c751e8b465ee728b)
Start importing Assets/Scenes using Guid(2e0cf2116cec614419593489b9982425) Importer(815301076,1909f56bfc062723c751e8b465ee728b)  -> (artifact id: '2905c056df2ad6f292fdc08d6c9d6d82') in 0.009629 seconds
  Import took 0.019409 seconds .

========================================================================
Received Import Request.
  Time since last request: 1.221830 seconds.
  path: Assets/Scripts/PlayerControler.cs
  artifactKey: Guid(1696e5eb0f5809644a5dc9f9e0e56054) Importer(815301076,1909f56bfc062723c751e8b465ee728b)
Start importing Assets/Scripts/PlayerControler.cs using Guid(1696e5eb0f5809644a5dc9f9e0e56054) Importer(815301076,1909f56bfc062723c751e8b465ee728b)  -> (artifact id: '9c709260d32a914beb5b6f05028742a5') in 0.011174 seconds
  Import took 0.021330 seconds .

========================================================================
Received Import Request.
  Time since last request: 728.748593 seconds.
  path: Assets/Scripts/PlayerControler.cs
  artifactKey: Guid(1696e5eb0f5809644a5dc9f9e0e56054) Importer(815301076,1909f56bfc062723c751e8b465ee728b)
Start importing Assets/Scripts/PlayerControler.cs using Guid(1696e5eb0f5809644a5dc9f9e0e56054) Importer(815301076,1909f56bfc062723c751e8b465ee728b)  -> (artifact id: '778e9a72cd3eafea8c4805c17fa4f717') in 0.065224 seconds
  Import took 0.087961 seconds .

========================================================================
Received Prepare
Registering precompiled user dll's ...
Registered in 0.002478 seconds.
Begin MonoManager ReloadAssembly
Native extension for WindowsStandalone target not found
Refreshing native plugins compatible for Editor in 0.77 ms, found 0 plugins.
Preloading 0 native plugins for Editor in 0.00 ms.
Invoked RoslynAnalysisRunner static constructor.
RoslynAnalysisRunner will not be running.
RoslynAnalysisRunner has terminated.
Mono: successfully reloaded assembly
- Completed reload, in  1.506 seconds
Platform modules already initialized, skipping
Shader 'Universal Render Pipeline/Particles/Lit': fallback shader 'Universal Render Pipeline/Particles/SimpleLit' not found
Shader 'Universal Render Pipeline/Particles/Lit': fallback shader 'Universal Render Pipeline/Particles/SimpleLit' not found
Refreshing native plugins compatible for Editor in 1.17 ms, found 0 plugins.
Preloading 0 native plugins for Editor in 0.00 ms.
Unloading 2630 Unused Serialized files (Serialized files now loaded: 0)
System memory in use before: 124.6 MB.
System memory in use after: 122.4 MB.

Unloading 40 unused Assets to reduce memory usage. Loaded Objects now: 3204.
Total: 7.940200 ms (FindLiveObjects: 0.514400 ms CreateObjectMapping: 0.179500 ms MarkObjects: 4.176000 ms  DeleteObjects: 3.068200 ms)

========================================================================
Received Import Request.
  Time since last request: 22.913864 seconds.
  path: Assets/Scripts/PlayerControler.cs
  artifactKey: Guid(1696e5eb0f5809644a5dc9f9e0e56054) Importer(815301076,1909f56bfc062723c751e8b465ee728b)
Start importing Assets/Scripts/PlayerControler.cs using Guid(1696e5eb0f5809644a5dc9f9e0e56054) Importer(815301076,1909f56bfc062723c751e8b465ee728b)  -> (artifact id: '1a3206857a837de066f230eac654742a') in 0.011268 seconds
  Import took 0.018842 seconds .

========================================================================
Received Prepare
Registering precompiled user dll's ...
Registered in 0.011697 seconds.
Begin MonoManager ReloadAssembly
Native extension for WindowsStandalone target not found
Refreshing native plugins compatible for Editor in 1.38 ms, found 0 plugins.
Preloading 0 native plugins for Editor in 0.00 ms.
Invoked RoslynAnalysisRunner static constructor.
RoslynAnalysisRunner will not be running.
RoslynAnalysisRunner has terminated.
Mono: successfully reloaded assembly
- Completed reload, in  7.710 seconds
Platform modules already initialized, skipping
Shader 'Universal Render Pipeline/Particles/Lit': fallback shader 'Universal Render Pipeline/Particles/SimpleLit' not found
Shader 'Universal Render Pipeline/Particles/Lit': fallback shader 'Universal Render Pipeline/Particles/SimpleLit' not found
Refreshing native plugins compatible for Editor in 1.13 ms, found 0 plugins.
Preloading 0 native plugins for Editor in 0.00 ms.
Unloading 2630 Unused Serialized files (Serialized files now loaded: 0)
System memory in use before: 124.6 MB.
System memory in use after: 122.4 MB.

Unloading 40 unused Assets to reduce memory usage. Loaded Objects now: 3206.
Total: 12.735100 ms (FindLiveObjects: 0.616600 ms CreateObjectMapping: 0.579700 ms MarkObjects: 6.884200 ms  DeleteObjects: 4.651300 ms)

========================================================================
Received Prepare
Registering precompiled user dll's ...
Registered in 0.002643 seconds.
Begin MonoManager ReloadAssembly
Native extension for WindowsStandalone target not found
Refreshing native plugins compatible for Editor in 1.29 ms, found 0 plugins.
Preloading 0 native plugins for Editor in 0.00 ms.
Invoked RoslynAnalysisRunner static constructor.
RoslynAnalysisRunner will not be running.
RoslynAnalysisRunner has terminated.
Mono: successfully reloaded assembly
- Completed reload, in  1.667 seconds
Platform modules already initialized, skipping
Shader 'Universal Render Pipeline/Particles/Lit': fallback shader 'Universal Render Pipeline/Particles/SimpleLit' not found
Shader 'Universal Render Pipeline/Particles/Lit': fallback shader 'Universal Render Pipeline/Particles/SimpleLit' not found
Refreshing native plugins compatible for Editor in 1.02 ms, found 0 plugins.
Preloading 0 native plugins for Editor in 0.00 ms.
Unloading 2630 Unused Serialized files (Serialized files now loaded: 0)
System memory in use before: 124.5 MB.
System memory in use after: 122.4 MB.

Unloading 40 unused Assets to reduce memory usage. Loaded Objects now: 3208.
Total: 6.058800 ms (FindLiveObjects: 0.529900 ms CreateObjectMapping: 0.174300 ms MarkObjects: 3.173900 ms  DeleteObjects: 2.175800 ms)

========================================================================
Received Import Request.
  Time since last request: 151.540197 seconds.
  path: Assets/Scripts/PlayerControler.cs
  artifactKey: Guid(1696e5eb0f5809644a5dc9f9e0e56054) Importer(815301076,1909f56bfc062723c751e8b465ee728b)
Start importing Assets/Scripts/PlayerControler.cs using Guid(1696e5eb0f5809644a5dc9f9e0e56054) Importer(815301076,1909f56bfc062723c751e8b465ee728b)  -> (artifact id: 'b388f2f7f74cc4fbf4d22b55eff7ae56') in 0.008815 seconds
  Import took 0.015651 seconds .

========================================================================
Received Prepare
Registering precompiled user dll's ...
Registered in 0.003286 seconds.
Begin MonoManager ReloadAssembly
Native extension for WindowsStandalone target not found
Refreshing native plugins compatible for Editor in 0.65 ms, found 0 plugins.
Preloading 0 native plugins for Editor in 0.00 ms.
Invoked RoslynAnalysisRunner static constructor.
RoslynAnalysisRunner will not be running.
RoslynAnalysisRunner has terminated.
Mono: successfully reloaded assembly
- Completed reload, in  1.802 seconds
Platform modules already initialized, skipping
Shader 'Universal Render Pipeline/Particles/Lit': fallback shader 'Universal Render Pipeline/Particles/SimpleLit' not found
Shader 'Universal Render Pipeline/Particles/Lit': fallback shader 'Universal Render Pipeline/Particles/SimpleLit' not found
Refreshing native plugins compatible for Editor in 1.48 ms, found 0 plugins.
Preloading 0 native plugins for Editor in 0.00 ms.
Unloading 2630 Unused Serialized files (Serialized files now loaded: 0)
System memory in use before: 124.7 MB.
System memory in use after: 122.5 MB.

Unloading 40 unused Assets to reduce memory usage. Loaded Objects now: 3210.
Total: 40.468000 ms (FindLiveObjects: 0.809400 ms CreateObjectMapping: 3.253900 ms MarkObjects: 30.819700 ms  DeleteObjects: 5.579000 ms)

========================================================================
Received Prepare
Registering precompiled user dll's ...
Registered in 0.014804 seconds.
Begin MonoManager ReloadAssembly
Native extension for WindowsStandalone target not found
Refreshing native plugins compatible for Editor in 0.61 ms, found 0 plugins.
Preloading 0 native plugins for Editor in 0.00 ms.
Invoked RoslynAnalysisRunner static constructor.
RoslynAnalysisRunner will not be running.
RoslynAnalysisRunner has terminated.
Mono: successfully reloaded assembly
- Completed reload, in  2.596 seconds
Platform modules already initialized, skipping
Shader 'Universal Render Pipeline/Particles/Lit': fallback shader 'Universal Render Pipeline/Particles/SimpleLit' not found
Shader 'Universal Render Pipeline/Particles/Lit': fallback shader 'Universal Render Pipeline/Particles/SimpleLit' not found
Refreshing native plugins compatible for Editor in 1.30 ms, found 0 plugins.
Preloading 0 native plugins for Editor in 0.00 ms.
Unloading 2630 Unused Serialized files (Serialized files now loaded: 0)
System memory in use before: 124.6 MB.
System memory in use after: 122.5 MB.

Unloading 40 unused Assets to reduce memory usage. Loaded Objects now: 3212.
Total: 8.834100 ms (FindLiveObjects: 0.784100 ms CreateObjectMapping: 0.410600 ms MarkObjects: 4.709300 ms  DeleteObjects: 2.926600 ms)

========================================================================
Received Prepare
Registering precompiled user dll's ...
Registered in 0.002531 seconds.
Begin MonoManager ReloadAssembly
Native extension for WindowsStandalone target not found
Refreshing native plugins compatible for Editor in 9.13 ms, found 0 plugins.
Preloading 0 native plugins for Editor in 0.00 ms.
Invoked RoslynAnalysisRunner static constructor.
RoslynAnalysisRunner will not be running.
RoslynAnalysisRunner has terminated.
Mono: successfully reloaded assembly
- Completed reload, in  5.385 seconds
Platform modules already initialized, skipping
Shader 'Universal Render Pipeline/Particles/Lit': fallback shader 'Universal Render Pipeline/Particles/SimpleLit' not found
Shader 'Universal Render Pipeline/Particles/Lit': fallback shader 'Universal Render Pipeline/Particles/SimpleLit' not found
Refreshing native plugins compatible for Editor in 1.18 ms, found 0 plugins.
Preloading 0 native plugins for Editor in 0.00 ms.
Unloading 2630 Unused Serialized files (Serialized files now loaded: 0)
System memory in use before: 124.7 MB.
System memory in use after: 122.5 MB.

Unloading 40 unused Assets to reduce memory usage. Loaded Objects now: 3214.
Total: 17.537900 ms (FindLiveObjects: 0.969300 ms CreateObjectMapping: 0.236900 ms MarkObjects: 11.470300 ms  DeleteObjects: 4.858200 ms)

========================================================================
Received Prepare
Registering precompiled user dll's ...
Registered in 0.002162 seconds.
Begin MonoManager ReloadAssembly
Native extension for WindowsStandalone target not found
Refreshing native plugins compatible for Editor in 0.77 ms, found 0 plugins.
Preloading 0 native plugins for Editor in 0.00 ms.
Invoked RoslynAnalysisRunner static constructor.
RoslynAnalysisRunner will not be running.
RoslynAnalysisRunner has terminated.
Mono: successfully reloaded assembly
- Completed reload, in  3.641 seconds
Platform modules already initialized, skipping
Shader 'Universal Render Pipeline/Particles/Lit': fallback shader 'Universal Render Pipeline/Particles/SimpleLit' not found
Shader 'Universal Render Pipeline/Particles/Lit': fallback shader 'Universal Render Pipeline/Particles/SimpleLit' not found
Refreshing native plugins compatible for Editor in 2.47 ms, found 0 plugins.
Preloading 0 native plugins for Editor in 0.00 ms.
Unloading 2631 Unused Serialized files (Serialized files now loaded: 0)
System memory in use before: 124.7 MB.
System memory in use after: 122.5 MB.

Unloading 40 unused Assets to reduce memory usage. Loaded Objects now: 3217.
Total: 30.708300 ms (FindLiveObjects: 3.726700 ms CreateObjectMapping: 9.540100 ms MarkObjects: 6.383600 ms  DeleteObjects: 11.054700 ms)

========================================================================
Received Prepare
Registering precompiled user dll's ...
Registered in 0.012303 seconds.
Begin MonoManager ReloadAssembly
Native extension for WindowsStandalone target not found
Refreshing native plugins compatible for Editor in 0.69 ms, found 0 plugins.
Preloading 0 native plugins for Editor in 0.00 ms.
Invoked RoslynAnalysisRunner static constructor.
RoslynAnalysisRunner will not be running.
RoslynAnalysisRunner has terminated.
Mono: successfully reloaded assembly
- Completed reload, in  3.685 seconds
Platform modules already initialized, skipping
Shader 'Universal Render Pipeline/Particles/Lit': fallback shader 'Universal Render Pipeline/Particles/SimpleLit' not found
Shader 'Universal Render Pipeline/Particles/Lit': fallback shader 'Universal Render Pipeline/Particles/SimpleLit' not found
Refreshing native plugins compatible for Editor in 1.44 ms, found 0 plugins.
Preloading 0 native plugins for Editor in 0.00 ms.
Unloading 2631 Unused Serialized files (Serialized files now loaded: 0)
System memory in use before: 124.7 MB.
System memory in use after: 122.5 MB.

Unloading 40 unused Assets to reduce memory usage. Loaded Objects now: 3219.
Total: 12.669900 ms (FindLiveObjects: 0.391500 ms CreateObjectMapping: 0.192200 ms MarkObjects: 4.820500 ms  DeleteObjects: 7.263100 ms)

========================================================================
Received Import Request.
  Time since last request: 561.409213 seconds.
  path: Assets/Scripts/CameraControler.cs
  artifactKey: Guid(46418607c838ba14b8465b06b8842d3b) Importer(815301076,1909f56bfc062723c751e8b465ee728b)
Start importing Assets/Scripts/CameraControler.cs using Guid(46418607c838ba14b8465b06b8842d3b) Importer(815301076,1909f56bfc062723c751e8b465ee728b)  -> (artifact id: 'fd54c0936a63d2bc15052da2321d2e74') in 0.032295 seconds
  Import took 0.039759 seconds .

========================================================================
Received Prepare
Registering precompiled user dll's ...
Registered in 0.012768 seconds.
Begin MonoManager ReloadAssembly
Native extension for WindowsStandalone target not found
Refreshing native plugins compatible for Editor in 0.61 ms, found 0 plugins.
Preloading 0 native plugins for Editor in 0.00 ms.
Invoked RoslynAnalysisRunner static constructor.
RoslynAnalysisRunner will not be running.
RoslynAnalysisRunner has terminated.
Mono: successfully reloaded assembly
- Completed reload, in  5.380 seconds
Platform modules already initialized, skipping
Shader 'Universal Render Pipeline/Particles/Lit': fallback shader 'Universal Render Pipeline/Particles/SimpleLit' not found
Shader 'Universal Render Pipeline/Particles/Lit': fallback shader 'Universal Render Pipeline/Particles/SimpleLit' not found
Refreshing native plugins compatible for Editor in 2.24 ms, found 0 plugins.
Preloading 0 native plugins for Editor in 0.00 ms.
Unloading 2631 Unused Serialized files (Serialized files now loaded: 0)
System memory in use before: 124.7 MB.
System memory in use after: 122.5 MB.

Unloading 40 unused Assets to reduce memory usage. Loaded Objects now: 3221.
Total: 37.892900 ms (FindLiveObjects: 0.555500 ms CreateObjectMapping: 0.214900 ms MarkObjects: 33.277300 ms  DeleteObjects: 3.843000 ms)

========================================================================
Received Import Request.
  Time since last request: 181.591089 seconds.
  path: Assets/Scripts/CameraControler.cs
  artifactKey: Guid(46418607c838ba14b8465b06b8842d3b) Importer(815301076,1909f56bfc062723c751e8b465ee728b)
Start importing Assets/Scripts/CameraControler.cs using Guid(46418607c838ba14b8465b06b8842d3b) Importer(815301076,1909f56bfc062723c751e8b465ee728b)  -> (artifact id: 'a6d4882e77685e5ff5df898291aa9cb5') in 0.014350 seconds
  Import took 0.024830 seconds .

========================================================================
Received Prepare
Registering precompiled user dll's ...
Registered in 0.002929 seconds.
Begin MonoManager ReloadAssembly
Native extension for WindowsStandalone target not found
Refreshing native plugins compatible for Editor in 0.68 ms, found 0 plugins.
Preloading 0 native plugins for Editor in 0.00 ms.
Invoked RoslynAnalysisRunner static constructor.
RoslynAnalysisRunner will not be running.
RoslynAnalysisRunner has terminated.
Mono: successfully reloaded assembly
- Completed reload, in  3.343 seconds
Platform modules already initialized, skipping
Shader 'Universal Render Pipeline/Particles/Lit': fallback shader 'Universal Render Pipeline/Particles/SimpleLit' not found
Shader 'Universal Render Pipeline/Particles/Lit': fallback shader 'Universal Render Pipeline/Particles/SimpleLit' not found
Refreshing native plugins compatible for Editor in 2.17 ms, found 0 plugins.
Preloading 0 native plugins for Editor in 0.00 ms.
Unloading 2631 Unused Serialized files (Serialized files now loaded: 0)
System memory in use before: 124.7 MB.
System memory in use after: 122.5 MB.

Unloading 40 unused Assets to reduce memory usage. Loaded Objects now: 3223.
Total: 15.074400 ms (FindLiveObjects: 0.573500 ms CreateObjectMapping: 1.569500 ms MarkObjects: 5.710400 ms  DeleteObjects: 7.217300 ms)

========================================================================
Received Import Request.
  Time since last request: 243.384873 seconds.
  path: Assets/Materials/Walls.mat
  artifactKey: Guid(04445bfef3c9a3b40b628779e0adf95d) Importer(815301076,1909f56bfc062723c751e8b465ee728b)
Start importing Assets/Materials/Walls.mat using Guid(04445bfef3c9a3b40b628779e0adf95d) Importer(815301076,1909f56bfc062723c751e8b465ee728b)  -> (artifact id: 'c63df718b2d9992a07da79847b3b0fda') in 1.529347 seconds
  Import took 1.547868 seconds .

========================================================================
Received Prepare
Registering precompiled user dll's ...
Registered in 0.009567 seconds.
Begin MonoManager ReloadAssembly
Native extension for WindowsStandalone target not found
Refreshing native plugins compatible for Editor in 0.71 ms, found 0 plugins.
Preloading 0 native plugins for Editor in 0.00 ms.
Invoked RoslynAnalysisRunner static constructor.
RoslynAnalysisRunner will not be running.
RoslynAnalysisRunner has terminated.
Mono: successfully reloaded assembly
- Completed reload, in  4.300 seconds
Platform modules already initialized, skipping
Shader 'Universal Render Pipeline/Particles/Lit': fallback shader 'Universal Render Pipeline/Particles/SimpleLit' not found
Shader 'Universal Render Pipeline/Particles/Lit': fallback shader 'Universal Render Pipeline/Particles/SimpleLit' not found
Refreshing native plugins compatible for Editor in 1.22 ms, found 0 plugins.
Preloading 0 native plugins for Editor in 0.00 ms.
Unloading 2631 Unused Serialized files (Serialized files now loaded: 0)
System memory in use before: 124.8 MB.
System memory in use after: 122.7 MB.

Unloading 40 unused Assets to reduce memory usage. Loaded Objects now: 3261.
Total: 35.428800 ms (FindLiveObjects: 0.891500 ms CreateObjectMapping: 0.550700 ms MarkObjects: 17.346600 ms  DeleteObjects: 16.635200 ms)

========================================================================
Received Import Request.
  Time since last request: 409.750481 seconds.
  path: Assets/Materials/Walls.mat
  artifactKey: Guid(04445bfef3c9a3b40b628779e0adf95d) Importer(815301076,1909f56bfc062723c751e8b465ee728b)
Start importing Assets/Materials/Walls.mat using Guid(04445bfef3c9a3b40b628779e0adf95d) Importer(815301076,1909f56bfc062723c751e8b465ee728b)  -> (artifact id: 'd476358d05a946fe7a3879dd280de88a') in 1.714214 seconds
  Import took 1.748979 seconds .

========================================================================
Received Prepare
Registering precompiled user dll's ...
Registered in 0.010016 seconds.
Begin MonoManager ReloadAssembly
Native extension for WindowsStandalone target not found
Refreshing native plugins compatible for Editor in 1.53 ms, found 0 plugins.
Preloading 0 native plugins for Editor in 0.00 ms.
Invoked RoslynAnalysisRunner static constructor.
RoslynAnalysisRunner will not be running.
RoslynAnalysisRunner has terminated.
Mono: successfully reloaded assembly
- Completed reload, in  9.471 seconds
Platform modules already initialized, skipping
Shader 'Universal Render Pipeline/Particles/Lit': fallback shader 'Universal Render Pipeline/Particles/SimpleLit' not found
Shader 'Universal Render Pipeline/Particles/Lit': fallback shader 'Universal Render Pipeline/Particles/SimpleLit' not found
Refreshing native plugins compatible for Editor in 1.19 ms, found 0 plugins.
Preloading 0 native plugins for Editor in 0.00 ms.
Unloading 2632 Unused Serialized files (Serialized files now loaded: 0)
System memory in use before: 125.0 MB.
System memory in use after: 122.8 MB.

Unloading 40 unused Assets to reduce memory usage. Loaded Objects now: 3300.
Total: 32.873400 ms (FindLiveObjects: 0.636600 ms CreateObjectMapping: 0.243200 ms MarkObjects: 15.009500 ms  DeleteObjects: 16.980800 ms)

========================================================================
Received Import Request.
  Time since last request: 147.805055 seconds.
  path: Assets/Scripts/Rotator.cs
  artifactKey: Guid(9f276ec9fa248684a80e7241459a94df) Importer(815301076,1909f56bfc062723c751e8b465ee728b)
Start importing Assets/Scripts/Rotator.cs using Guid(9f276ec9fa248684a80e7241459a94df) Importer(815301076,1909f56bfc062723c751e8b465ee728b)  -> (artifact id: 'a65ff30a3f0de3e22010683c8d7c84e1') in 0.134557 seconds
  Import took 0.185770 seconds .

========================================================================
Received Prepare
Registering precompiled user dll's ...
Registered in 0.002132 seconds.
Begin MonoManager ReloadAssembly
Native extension for WindowsStandalone target not found
Refreshing native plugins compatible for Editor in 0.73 ms, found 0 plugins.
Preloading 0 native plugins for Editor in 0.00 ms.
Invoked RoslynAnalysisRunner static constructor.
RoslynAnalysisRunner will not be running.
RoslynAnalysisRunner has terminated.
Mono: successfully reloaded assembly
- Completed reload, in  3.432 seconds
Platform modules already initialized, skipping
Shader 'Universal Render Pipeline/Particles/Lit': fallback shader 'Universal Render Pipeline/Particles/SimpleLit' not found
Shader 'Universal Render Pipeline/Particles/Lit': fallback shader 'Universal Render Pipeline/Particles/SimpleLit' not found
Refreshing native plugins compatible for Editor in 1.19 ms, found 0 plugins.
Preloading 0 native plugins for Editor in 0.00 ms.
Unloading 2632 Unused Serialized files (Serialized files now loaded: 0)
System memory in use before: 125.0 MB.
System memory in use after: 122.8 MB.

Unloading 40 unused Assets to reduce memory usage. Loaded Objects now: 3302.
Total: 33.398100 ms (FindLiveObjects: 0.604300 ms CreateObjectMapping: 1.245400 ms MarkObjects: 17.697600 ms  DeleteObjects: 13.845800 ms)

========================================================================
Received Prepare
Registering precompiled user dll's ...
Registered in 0.002534 seconds.
Begin MonoManager ReloadAssembly
Native extension for WindowsStandalone target not found
Refreshing native plugins compatible for Editor in 0.59 ms, found 0 plugins.
Preloading 0 native plugins for Editor in 0.00 ms.
Invoked RoslynAnalysisRunner static constructor.
RoslynAnalysisRunner will not be running.
RoslynAnalysisRunner has terminated.
Mono: successfully reloaded assembly
- Completed reload, in  1.444 seconds
Platform modules already initialized, skipping
Shader 'Universal Render Pipeline/Particles/Lit': fallback shader 'Universal Render Pipeline/Particles/SimpleLit' not found
Shader 'Universal Render Pipeline/Particles/Lit': fallback shader 'Universal Render Pipeline/Particles/SimpleLit' not found
Refreshing native plugins compatible for Editor in 1.17 ms, found 0 plugins.
Preloading 0 native plugins for Editor in 0.00 ms.
Unloading 2632 Unused Serialized files (Serialized files now loaded: 0)
System memory in use before: 125.0 MB.
System memory in use after: 122.8 MB.

Unloading 40 unused Assets to reduce memory usage. Loaded Objects now: 3304.
Total: 7.250300 ms (FindLiveObjects: 0.605900 ms CreateObjectMapping: 0.187100 ms MarkObjects: 3.505100 ms  DeleteObjects: 2.946300 ms)

========================================================================
Received Import Request.
  Time since last request: 99.507463 seconds.
  path: Assets/Scripts/Rotator.cs
  artifactKey: Guid(9f276ec9fa248684a80e7241459a94df) Importer(815301076,1909f56bfc062723c751e8b465ee728b)
Start importing Assets/Scripts/Rotator.cs using Guid(9f276ec9fa248684a80e7241459a94df) Importer(815301076,1909f56bfc062723c751e8b465ee728b)  -> (artifact id: 'c9f34658fe31b6c7c81cdce1df372653') in 0.008715 seconds
  Import took 0.014719 seconds .

========================================================================
Received Prepare
Registering precompiled user dll's ...
Registered in 0.010573 seconds.
Begin MonoManager ReloadAssembly
Native extension for WindowsStandalone target not found
Refreshing native plugins compatible for Editor in 0.98 ms, found 0 plugins.
Preloading 0 native plugins for Editor in 0.00 ms.
Invoked RoslynAnalysisRunner static constructor.
RoslynAnalysisRunner will not be running.
RoslynAnalysisRunner has terminated.
Mono: successfully reloaded assembly
- Completed reload, in  4.848 seconds
Platform modules already initialized, skipping
Shader 'Universal Render Pipeline/Particles/Lit': fallback shader 'Universal Render Pipeline/Particles/SimpleLit' not found
Shader 'Universal Render Pipeline/Particles/Lit': fallback shader 'Universal Render Pipeline/Particles/SimpleLit' not found
Refreshing native plugins compatible for Editor in 1.04 ms, found 0 plugins.
Preloading 0 native plugins for Editor in 0.00 ms.
Unloading 2632 Unused Serialized files (Serialized files now loaded: 0)
System memory in use before: 125.0 MB.
System memory in use after: 122.8 MB.

Unloading 40 unused Assets to reduce memory usage. Loaded Objects now: 3306.
Total: 34.312100 ms (FindLiveObjects: 12.008300 ms CreateObjectMapping: 0.440100 ms MarkObjects: 18.520400 ms  DeleteObjects: 3.338900 ms)

========================================================================
Received Import Request.
  Time since last request: 278.560210 seconds.
  path: Assets/Prefabs
  artifactKey: Guid(c31fe4acf99a77b46a7ede4aaab1d7e9) Importer(815301076,1909f56bfc062723c751e8b465ee728b)
Start importing Assets/Prefabs using Guid(c31fe4acf99a77b46a7ede4aaab1d7e9) Importer(815301076,1909f56bfc062723c751e8b465ee728b)  -> (artifact id: '3250f735ac94d1fbbe91e8658d55c29c') in 0.103075 seconds
  Import took 0.313712 seconds .

========================================================================
Received Import Request.
  Time since last request: 6.853050 seconds.
  path: Assets/Prefabs/PickUp.prefab
  artifactKey: Guid(580faf4fb3f583f40ba1414b17d2a901) Importer(815301076,1909f56bfc062723c751e8b465ee728b)
Start importing Assets/Prefabs/PickUp.prefab using Guid(580faf4fb3f583f40ba1414b17d2a901) Importer(815301076,1909f56bfc062723c751e8b465ee728b)  -> (artifact id: '39e5b34068c3fb95fb651982d2a6b867') in 1.365960 seconds
  Import took 1.410431 seconds .

========================================================================
Received Import Request.
  Time since last request: 602.803286 seconds.
  path: Assets/Scripts/PlayerControler.cs
  artifactKey: Guid(1696e5eb0f5809644a5dc9f9e0e56054) Importer(815301076,1909f56bfc062723c751e8b465ee728b)
Start importing Assets/Scripts/PlayerControler.cs using Guid(1696e5eb0f5809644a5dc9f9e0e56054) Importer(815301076,1909f56bfc062723c751e8b465ee728b)  -> (artifact id: '38a56821020a93af26a0b3336e51dbeb') in 0.097635 seconds
  Import took 0.118112 seconds .

========================================================================
Received Import Request.
  Time since last request: 165.466793 seconds.
  path: ProjectSettings/TagManager.asset
  artifactKey: Guid(00000000000000003000000000000000) Importer(815301076,1909f56bfc062723c751e8b465ee728b)
Start importing ProjectSettings/TagManager.asset using Guid(00000000000000003000000000000000) Importer(815301076,1909f56bfc062723c751e8b465ee728b)  -> (artifact id: '470e31d8d99a9e69b1c7af0e5dce13f0') in 0.102070 seconds
  Import took 0.131860 seconds .

========================================================================
Received Import Request.
  Time since last request: 47.817251 seconds.
  path: Assets/Prefabs/PickUp.prefab
  artifactKey: Guid(580faf4fb3f583f40ba1414b17d2a901) Importer(815301076,1909f56bfc062723c751e8b465ee728b)
Start importing Assets/Prefabs/PickUp.prefab using Guid(580faf4fb3f583f40ba1414b17d2a901) Importer(815301076,1909f56bfc062723c751e8b465ee728b)  -> (artifact id: '2eb32e209485e9be3726946b61ec47f4') in 0.252130 seconds
  Import took 0.298478 seconds .

========================================================================
Received Prepare
Registering precompiled user dll's ...
Registered in 0.004690 seconds.
Begin MonoManager ReloadAssembly
Native extension for WindowsStandalone target not found
Refreshing native plugins compatible for Editor in 1.45 ms, found 0 plugins.
Preloading 0 native plugins for Editor in 0.00 ms.
Invoked RoslynAnalysisRunner static constructor.
RoslynAnalysisRunner will not be running.
RoslynAnalysisRunner has terminated.
Mono: successfully reloaded assembly
- Completed reload, in  4.333 seconds
Platform modules already initialized, skipping
Shader 'Universal Render Pipeline/Particles/Lit': fallback shader 'Universal Render Pipeline/Particles/SimpleLit' not found
Shader 'Universal Render Pipeline/Particles/Lit': fallback shader 'Universal Render Pipeline/Particles/SimpleLit' not found
Refreshing native plugins compatible for Editor in 2.62 ms, found 0 plugins.
Preloading 0 native plugins for Editor in 0.00 ms.
Unloading 2632 Unused Serialized files (Serialized files now loaded: 0)
System memory in use before: 125.3 MB.
System memory in use after: 123.1 MB.

Unloading 41 unused Assets to reduce memory usage. Loaded Objects now: 3345.
Total: 7.288900 ms (FindLiveObjects: 0.580800 ms CreateObjectMapping: 0.232000 ms MarkObjects: 4.260200 ms  DeleteObjects: 2.213500 ms)

========================================================================
Received Prepare
Registering precompiled user dll's ...
Registered in 0.021440 seconds.
Begin MonoManager ReloadAssembly
Native extension for WindowsStandalone target not found
Refreshing native plugins compatible for Editor in 0.68 ms, found 0 plugins.
Preloading 0 native plugins for Editor in 0.00 ms.
Invoked RoslynAnalysisRunner static constructor.
RoslynAnalysisRunner will not be running.
RoslynAnalysisRunner has terminated.
Mono: successfully reloaded assembly
- Completed reload, in 23.961 seconds
Platform modules already initialized, skipping
Shader 'Universal Render Pipeline/Particles/Lit': fallback shader 'Universal Render Pipeline/Particles/SimpleLit' not found
Shader 'Universal Render Pipeline/Particles/Lit': fallback shader 'Universal Render Pipeline/Particles/SimpleLit' not found
Refreshing native plugins compatible for Editor in 1.13 ms, found 0 plugins.
Preloading 0 native plugins for Editor in 0.00 ms.
Unloading 2632 Unused Serialized files (Serialized files now loaded: 0)
System memory in use before: 125.2 MB.
System memory in use after: 123.1 MB.

Unloading 40 unused Assets to reduce memory usage. Loaded Objects now: 3347.
Total: 18.915300 ms (FindLiveObjects: 0.627400 ms CreateObjectMapping: 0.217600 ms MarkObjects: 15.038100 ms  DeleteObjects: 3.029600 ms)

========================================================================
Received Import Request.
  Time since last request: 359.247839 seconds.
  path: Assets/Prefabs/PickUp.prefab
  artifactKey: Guid(580faf4fb3f583f40ba1414b17d2a901) Importer(815301076,1909f56bfc062723c751e8b465ee728b)
Start importing Assets/Prefabs/PickUp.prefab using Guid(580faf4fb3f583f40ba1414b17d2a901) Importer(815301076,1909f56bfc062723c751e8b465ee728b)  -> (artifact id: 'db9ca2a046d890dd29bc1df0cdce5863') in 2.418097 seconds
  Import took 2.449500 seconds .

========================================================================
Received Prepare
Registering precompiled user dll's ...
Registered in 0.002139 seconds.
Begin MonoManager ReloadAssembly
Native extension for WindowsStandalone target not found
Refreshing native plugins compatible for Editor in 0.71 ms, found 0 plugins.
Preloading 0 native plugins for Editor in 0.00 ms.
Invoked RoslynAnalysisRunner static constructor.
RoslynAnalysisRunner will not be running.
RoslynAnalysisRunner has terminated.
Mono: successfully reloaded assembly
- Completed reload, in  5.427 seconds
Platform modules already initialized, skipping
Shader 'Universal Render Pipeline/Particles/Lit': fallback shader 'Universal Render Pipeline/Particles/SimpleLit' not found
Shader 'Universal Render Pipeline/Particles/Lit': fallback shader 'Universal Render Pipeline/Particles/SimpleLit' not found
Refreshing native plugins compatible for Editor in 1.08 ms, found 0 plugins.
Preloading 0 native plugins for Editor in 0.00 ms.
Unloading 2632 Unused Serialized files (Serialized files now loaded: 0)
System memory in use before: 125.4 MB.
System memory in use after: 123.2 MB.

Unloading 40 unused Assets to reduce memory usage. Loaded Objects now: 3385.
Total: 15.998300 ms (FindLiveObjects: 0.871800 ms CreateObjectMapping: 0.218800 ms MarkObjects: 3.876100 ms  DeleteObjects: 11.028400 ms)

========================================================================
Received Import Request.
  Time since last request: 202.420102 seconds.
  path: Assets/Prefabs/PickUp.prefab
  artifactKey: Guid(580faf4fb3f583f40ba1414b17d2a901) Importer(815301076,1909f56bfc062723c751e8b465ee728b)
Start importing Assets/Prefabs/PickUp.prefab using Guid(580faf4fb3f583f40ba1414b17d2a901) Importer(815301076,1909f56bfc062723c751e8b465ee728b)  -> (artifact id: '4b977c5a42317529437b56e4f4eb92a6') in 0.868231 seconds
  Import took 0.962725 seconds .

========================================================================
Received Import Request.
  Time since last request: 71.921134 seconds.
  path: Assets/Scripts/PlayerControler.cs
  artifactKey: Guid(1696e5eb0f5809644a5dc9f9e0e56054) Importer(815301076,1909f56bfc062723c751e8b465ee728b)
Start importing Assets/Scripts/PlayerControler.cs using Guid(1696e5eb0f5809644a5dc9f9e0e56054) Importer(815301076,1909f56bfc062723c751e8b465ee728b)  -> (artifact id: '8b7342d43cde5ed0fcd8719345215247') in 0.082934 seconds
  Import took 0.117744 seconds .

========================================================================
Received Prepare
Registering precompiled user dll's ...
Registered in 0.002087 seconds.
Begin MonoManager ReloadAssembly
Native extension for WindowsStandalone target not found
Refreshing native plugins compatible for Editor in 0.78 ms, found 0 plugins.
Preloading 0 native plugins for Editor in 0.00 ms.
Invoked RoslynAnalysisRunner static constructor.
RoslynAnalysisRunner will not be running.
RoslynAnalysisRunner has terminated.
Mono: successfully reloaded assembly
- Completed reload, in  4.798 seconds
Platform modules already initialized, skipping
Shader 'Universal Render Pipeline/Particles/Lit': fallback shader 'Universal Render Pipeline/Particles/SimpleLit' not found
Shader 'Universal Render Pipeline/Particles/Lit': fallback shader 'Universal Render Pipeline/Particles/SimpleLit' not found
Refreshing native plugins compatible for Editor in 1.24 ms, found 0 plugins.
Preloading 0 native plugins for Editor in 0.00 ms.
Unloading 2632 Unused Serialized files (Serialized files now loaded: 0)
System memory in use before: 125.5 MB.
System memory in use after: 123.3 MB.

Unloading 40 unused Assets to reduce memory usage. Loaded Objects now: 3423.
Total: 21.759400 ms (FindLiveObjects: 1.140100 ms CreateObjectMapping: 0.535400 ms MarkObjects: 15.090600 ms  DeleteObjects: 4.990300 ms)

========================================================================
Received Import Request.
  Time since last request: 141.233081 seconds.
  path: Assets/Scripts/PlayerControler.cs
  artifactKey: Guid(1696e5eb0f5809644a5dc9f9e0e56054) Importer(815301076,1909f56bfc062723c751e8b465ee728b)
Start importing Assets/Scripts/PlayerControler.cs using Guid(1696e5eb0f5809644a5dc9f9e0e56054) Importer(815301076,1909f56bfc062723c751e8b465ee728b)  -> (artifact id: '7a88c7afd3209f6c3755f25836aa0651') in 0.031452 seconds
  Import took 0.050798 seconds .

========================================================================
Received Prepare
Registering precompiled user dll's ...
Registered in 0.015033 seconds.
Begin MonoManager ReloadAssembly
Native extension for WindowsStandalone target not found
Refreshing native plugins compatible for Editor in 0.62 ms, found 0 plugins.
Preloading 0 native plugins for Editor in 0.00 ms.
Invoked RoslynAnalysisRunner static constructor.
RoslynAnalysisRunner will not be running.
RoslynAnalysisRunner has terminated.
Mono: successfully reloaded assembly
- Completed reload, in  1.870 seconds
Platform modules already initialized, skipping
Shader 'Universal Render Pipeline/Particles/Lit': fallback shader 'Universal Render Pipeline/Particles/SimpleLit' not found
Shader 'Universal Render Pipeline/Particles/Lit': fallback shader 'Universal Render Pipeline/Particles/SimpleLit' not found
Refreshing native plugins compatible for Editor in 1.49 ms, found 0 plugins.
Preloading 0 native plugins for Editor in 0.00 ms.
Unloading 2645 Unused Serialized files (Serialized files now loaded: 0)
System memory in use before: 127.2 MB.
System memory in use after: 124.4 MB.

Unloading 53 unused Assets to reduce memory usage. Loaded Objects now: 3425.
Total: 12.383900 ms (FindLiveObjects: 0.519200 ms CreateObjectMapping: 0.206500 ms MarkObjects: 4.834800 ms  DeleteObjects: 6.819900 ms)

========================================================================
Received Prepare
Registering precompiled user dll's ...
Registered in 0.015671 seconds.
Begin MonoManager ReloadAssembly
Native extension for WindowsStandalone target not found
Refreshing native plugins compatible for Editor in 0.68 ms, found 0 plugins.
Preloading 0 native plugins for Editor in 0.00 ms.
Invoked RoslynAnalysisRunner static constructor.
RoslynAnalysisRunner will not be running.
RoslynAnalysisRunner has terminated.
Mono: successfully reloaded assembly
- Completed reload, in  4.478 seconds
Platform modules already initialized, skipping
Shader 'Universal Render Pipeline/Particles/Lit': fallback shader 'Universal Render Pipeline/Particles/SimpleLit' not found
Shader 'Universal Render Pipeline/Particles/Lit': fallback shader 'Universal Render Pipeline/Particles/SimpleLit' not found
Refreshing native plugins compatible for Editor in 11.17 ms, found 0 plugins.
Preloading 0 native plugins for Editor in 0.00 ms.
Unloading 2645 Unused Serialized files (Serialized files now loaded: 0)
System memory in use before: 127.2 MB.
System memory in use after: 124.4 MB.

Unloading 53 unused Assets to reduce memory usage. Loaded Objects now: 3427.
Total: 16.881700 ms (FindLiveObjects: 0.650100 ms CreateObjectMapping: 7.965200 ms MarkObjects: 4.786600 ms  DeleteObjects: 3.475800 ms)

========================================================================
Received Prepare
Registering precompiled user dll's ...
Registered in 0.004008 seconds.
Begin MonoManager ReloadAssembly
Native extension for WindowsStandalone target not found
Refreshing native plugins compatible for Editor in 0.80 ms, found 0 plugins.
Preloading 0 native plugins for Editor in 0.00 ms.
Invoked RoslynAnalysisRunner static constructor.
RoslynAnalysisRunner will not be running.
RoslynAnalysisRunner has terminated.
Mono: successfully reloaded assembly
- Completed reload, in  1.742 seconds
Platform modules already initialized, skipping
Shader 'Universal Render Pipeline/Particles/Lit': fallback shader 'Universal Render Pipeline/Particles/SimpleLit' not found
Shader 'Universal Render Pipeline/Particles/Lit': fallback shader 'Universal Render Pipeline/Particles/SimpleLit' not found
Refreshing native plugins compatible for Editor in 1.21 ms, found 0 plugins.
Preloading 0 native plugins for Editor in 0.00 ms.
Unloading 2645 Unused Serialized files (Serialized files now loaded: 0)
System memory in use before: 127.2 MB.
System memory in use after: 124.4 MB.

Unloading 53 unused Assets to reduce memory usage. Loaded Objects now: 3429.
Total: 8.368400 ms (FindLiveObjects: 0.608600 ms CreateObjectMapping: 0.199900 ms MarkObjects: 4.456600 ms  DeleteObjects: 3.100500 ms)

========================================================================
Received Prepare
Registering precompiled user dll's ...
Registered in 0.004058 seconds.
Begin MonoManager ReloadAssembly
Native extension for WindowsStandalone target not found
Refreshing native plugins compatible for Editor in 1.51 ms, found 0 plugins.
Preloading 0 native plugins for Editor in 0.00 ms.
Invoked RoslynAnalysisRunner static constructor.
RoslynAnalysisRunner will not be running.
RoslynAnalysisRunner has terminated.
Mono: successfully reloaded assembly
- Completed reload, in  7.214 seconds
Platform modules already initialized, skipping
Shader 'Universal Render Pipeline/Particles/Lit': fallback shader 'Universal Render Pipeline/Particles/SimpleLit' not found
Shader 'Universal Render Pipeline/Particles/Lit': fallback shader 'Universal Render Pipeline/Particles/SimpleLit' not found
Refreshing native plugins compatible for Editor in 3.43 ms, found 0 plugins.
Preloading 0 native plugins for Editor in 0.00 ms.
Unloading 2645 Unused Serialized files (Serialized files now loaded: 0)
System memory in use before: 127.2 MB.
System memory in use after: 124.4 MB.

Unloading 53 unused Assets to reduce memory usage. Loaded Objects now: 3431.
Total: 31.765400 ms (FindLiveObjects: 1.664500 ms CreateObjectMapping: 0.893600 ms MarkObjects: 19.826800 ms  DeleteObjects: 9.376400 ms)

========================================================================
Received Import Request.
  Time since last request: 3833.231205 seconds.
  path: Assets/Materials/PickUp.mat
  artifactKey: Guid(864cc0845e3ba7d46b8979318153cd96) Importer(815301076,1909f56bfc062723c751e8b465ee728b)
Start importing Assets/Materials/PickUp.mat using Guid(864cc0845e3ba7d46b8979318153cd96) Importer(815301076,1909f56bfc062723c751e8b465ee728b)  -> (artifact id: '429e25a07205c67d499a7a1c2a8038db') in 0.220809 seconds
  Import took 0.402282 seconds .

========================================================================
Received Prepare
Registering precompiled user dll's ...
Registered in 0.013534 seconds.
Begin MonoManager ReloadAssembly
Native extension for WindowsStandalone target not found
Refreshing native plugins compatible for Editor in 0.61 ms, found 0 plugins.
Preloading 0 native plugins for Editor in 0.00 ms.
Invoked RoslynAnalysisRunner static constructor.
RoslynAnalysisRunner will not be running.
RoslynAnalysisRunner has terminated.
Mono: successfully reloaded assembly
- Completed reload, in  1.417 seconds
Platform modules already initialized, skipping
Shader 'Universal Render Pipeline/Particles/Lit': fallback shader 'Universal Render Pipeline/Particles/SimpleLit' not found
Shader 'Universal Render Pipeline/Particles/Lit': fallback shader 'Universal Render Pipeline/Particles/SimpleLit' not found
Refreshing native plugins compatible for Editor in 2.05 ms, found 0 plugins.
Preloading 0 native plugins for Editor in 0.00 ms.
Unloading 2645 Unused Serialized files (Serialized files now loaded: 0)
System memory in use before: 127.3 MB.
System memory in use after: 124.6 MB.

Unloading 53 unused Assets to reduce memory usage. Loaded Objects now: 3469.
Total: 8.251500 ms (FindLiveObjects: 0.652700 ms CreateObjectMapping: 0.284100 ms MarkObjects: 4.046800 ms  DeleteObjects: 3.265700 ms)

========================================================================
Received Import Request.
  Time since last request: 241.135839 seconds.
  path: Assets/Materials/Background.mat
  artifactKey: Guid(6dafde7e8e5690044bfb9a92b01558d7) Importer(815301076,1909f56bfc062723c751e8b465ee728b)
Start importing Assets/Materials/Background.mat using Guid(6dafde7e8e5690044bfb9a92b01558d7) Importer(815301076,1909f56bfc062723c751e8b465ee728b)  -> (artifact id: '1de2382454daecdb1f9958a5ea9f530e') in 0.496211 seconds
  Import took 0.508294 seconds .

========================================================================
Received Import Request.
  Time since last request: 0.000318 seconds.
  path: Assets/Materials/Walls.mat
  artifactKey: Guid(04445bfef3c9a3b40b628779e0adf95d) Importer(815301076,1909f56bfc062723c751e8b465ee728b)
Start importing Assets/Materials/Walls.mat using Guid(04445bfef3c9a3b40b628779e0adf95d) Importer(815301076,1909f56bfc062723c751e8b465ee728b)  -> (artifact id: '37e86368263a0c171ceecc26844f6f0b') in 0.036965 seconds
  Import took 0.047792 seconds .

========================================================================
Received Import Request.
  Time since last request: 0.000314 seconds.
  path: Assets/Materials/Background.mat
  artifactKey: Guid(6dafde7e8e5690044bfb9a92b01558d7) Importer(815301076,1909f56bfc062723c751e8b465ee728b)
Start importing Assets/Materials/Background.mat using Guid(6dafde7e8e5690044bfb9a92b01558d7) Importer(815301076,1909f56bfc062723c751e8b465ee728b)  -> (artifact id: '1de2382454daecdb1f9958a5ea9f530e') in 0.053380 seconds
  Import took 0.064964 seconds .

AssetImportWorkerClient::OnTransportError - code=2 error=End of file
